  Main.cpp
C:\Users\user\source\repos\Score Arena\Score Arena\selector.h(27,27): warning C4267: 'return': conversion from 'size_t' to 'int', possible loss of data
  map.cpp
C:\Users\user\source\repos\Score Arena\Score Arena\selector.h(27,27): warning C4267: 'return': conversion from 'size_t' to 'int', possible loss of data
C:\Users\user\source\repos\Score Arena\Score Arena\map.cpp(12,19): warning C4244: '=': conversion from 'double' to 'int', possible loss of data
C:\Users\user\source\repos\Score Arena\Score Arena\map.cpp(18,34): warning C4244: 'argument': conversion from 'int' to 'float', possible loss of data
C:\Users\user\source\repos\Score Arena\Score Arena\map.cpp(19,34): warning C4244: 'argument': conversion from 'int' to 'float', possible loss of data
C:\Users\user\source\repos\Score Arena\Score Arena\map.cpp(24,40): warning C4244: 'argument': conversion from 'int' to 'T', possible loss of data
          with
          [
              T=float
          ]
C:\Users\user\source\repos\Score Arena\Score Arena\map.cpp(24,33): warning C4244: 'argument': conversion from 'int' to 'T', possible loss of data
          with
          [
              T=float
          ]
C:\Users\user\source\repos\Score Arena\Score Arena\map.cpp(25,40): warning C4244: 'argument': conversion from 'int' to 'T', possible loss of data
          with
          [
              T=float
          ]
C:\Users\user\source\repos\Score Arena\Score Arena\map.cpp(25,33): warning C4244: 'argument': conversion from 'int' to 'T', possible loss of data
          with
          [
              T=float
          ]
C:\Users\user\source\repos\Score Arena\Score Arena\map.cpp(28,41): warning C4244: 'argument': conversion from 'int' to 'T', possible loss of data
          with
          [
              T=float
          ]
C:\Users\user\source\repos\Score Arena\Score Arena\map.cpp(28,30): warning C4244: 'argument': conversion from 'int' to 'T', possible loss of data
          with
          [
              T=float
          ]
C:\Users\user\source\repos\Score Arena\Score Arena\map.cpp(30,12): warning C4244: 'argument': conversion from 'time_t' to 'unsigned int', possible loss of data
C:\Users\user\source\repos\Score Arena\Score Arena\map.cpp(48,36): warning C4244: 'argument': conversion from 'int' to 'T', possible loss of data
          with
          [
              T=float
          ]
C:\Users\user\source\repos\Score Arena\Score Arena\map.cpp(48,33): warning C4244: 'argument': conversion from 'int' to 'T', possible loss of data
          with
          [
              T=float
          ]
C:\Users\user\source\repos\Score Arena\Score Arena\map.cpp(59,27): warning C4244: 'argument': conversion from 'int' to 'T', possible loss of data
          with
          [
              T=float
          ]
C:\Users\user\source\repos\Score Arena\Score Arena\map.cpp(59,20): warning C4244: 'argument': conversion from 'int' to 'T', possible loss of data
          with
          [
              T=float
          ]
C:\Users\user\source\repos\Score Arena\Score Arena\map.cpp(176,13): warning C4244: 'argument': conversion from 'time_t' to 'unsigned int', possible loss of data
C:\Users\user\source\repos\Score Arena\Score Arena\map.cpp(236,11): warning C4244: 'argument': conversion from 'int' to 'T', possible loss of data
          with
          [
              T=float
          ]
C:\Users\user\source\repos\Score Arena\Score Arena\map.cpp(235,34): warning C4244: 'argument': conversion from 'int' to 'T', possible loss of data
          with
          [
              T=float
          ]
C:\Users\user\source\repos\Score Arena\Score Arena\map.cpp(257,11): warning C4244: 'initializing': conversion from 'float' to 'int', possible loss of data
  player.cpp
C:\Users\user\source\repos\Score Arena\Score Arena\player.cpp(49,12): warning C4244: 'initializing': conversion from 'float' to 'int', possible loss of data
  power.cpp
C:\Users\user\source\repos\Score Arena\Score Arena\selector.h(27,27): warning C4267: 'return': conversion from 'size_t' to 'int', possible loss of data
C:\Users\user\source\repos\Score Arena\Score Arena\power.cpp(112,51): warning C4244: '=': conversion from 'float' to 'int', possible loss of data
C:\Users\user\source\repos\Score Arena\Score Arena\power.cpp(150,14): warning C4244: 'initializing': conversion from 'float' to 'int', possible loss of data
C:\Users\user\source\repos\Score Arena\Score Arena\power.cpp(200,33): warning C4244: 'argument': conversion from 'int' to 'float', possible loss of data
C:\Users\user\source\repos\Score Arena\Score Arena\power.cpp(209,14): warning C4244: 'initializing': conversion from 'float' to 'int', possible loss of data
C:\Users\user\source\repos\Score Arena\Score Arena\power.cpp(211,30): warning C4244: 'argument': conversion from 'int' to 'float', possible loss of data
C:\Users\user\source\repos\Score Arena\Score Arena\power.cpp(212,30): warning C4244: 'argument': conversion from 'int' to 'float', possible loss of data
C:\Users\user\source\repos\Score Arena\Score Arena\power.cpp(215,29): warning C4244: 'argument': conversion from 'int' to 'T', possible loss of data
          with
          [
              T=float
          ]
C:\Users\user\source\repos\Score Arena\Score Arena\power.cpp(216,32): warning C4244: 'argument': conversion from 'int' to 'T', possible loss of data
          with
          [
              T=float
          ]
C:\Users\user\source\repos\Score Arena\Score Arena\power.cpp(248,13): warning C4244: 'initializing': conversion from 'float' to 'int', possible loss of data
C:\Users\user\source\repos\Score Arena\Score Arena\power.cpp(291,12): warning C4244: 'initializing': conversion from 'float' to 'int', possible loss of data
C:\Users\user\source\repos\Score Arena\Score Arena\power.cpp(364,16): warning C4244: 'initializing': conversion from 'float' to 'int', possible loss of data
C:\Users\user\source\repos\Score Arena\Score Arena\power.cpp(384,15): warning C4244: 'initializing': conversion from 'float' to 'int', possible loss of data
C:\Users\user\source\repos\Score Arena\Score Arena\power.cpp(385,27): warning C4244: 'argument': conversion from 'int' to 'float', possible loss of data
C:\Users\user\source\repos\Score Arena\Score Arena\power.cpp(387,18): warning C4244: 'initializing': conversion from 'float' to 'int', possible loss of data
C:\Users\user\source\repos\Score Arena\Score Arena\power.cpp(392,37): warning C4244: 'argument': conversion from 'int' to 'float', possible loss of data
C:\Users\user\source\repos\Score Arena\Score Arena\power.cpp(399,16): warning C4244: 'initializing': conversion from 'float' to 'int', possible loss of data
C:\Users\user\source\repos\Score Arena\Score Arena\power.cpp(399,48): warning C4244: 'initializing': conversion from 'float' to 'int', possible loss of data
C:\Users\user\source\repos\Score Arena\Score Arena\power.cpp(482,12): warning C4244: 'argument': conversion from 'time_t' to 'unsigned int', possible loss of data
C:\Users\user\source\repos\Score Arena\Score Arena\power.cpp(499,42): warning C4244: 'argument': conversion from 'float' to 'int', possible loss of data
C:\Users\user\source\repos\Score Arena\Score Arena\power.cpp(504,13): warning C4244: 'initializing': conversion from 'float' to 'int', possible loss of data
C:\Users\user\source\repos\Score Arena\Score Arena\power.cpp(526,32): warning C4244: 'argument': conversion from 'int' to 'T', possible loss of data
          with
          [
              T=float
          ]
C:\Users\user\source\repos\Score Arena\Score Arena\power.cpp(529,22): warning C4244: 'argument': conversion from 'int' to 'float', possible loss of data
C:\Users\user\source\repos\Score Arena\Score Arena\power.cpp(538,12): warning C4244: 'initializing': conversion from 'float' to 'int', possible loss of data
C:\Users\user\source\repos\Score Arena\Score Arena\power.cpp(539,63): warning C4244: 'argument': conversion from 'int' to 'T', possible loss of data
          with
          [
              T=float
          ]
C:\Users\user\source\repos\Score Arena\Score Arena\power.cpp(539,48): warning C4244: 'argument': conversion from 'int' to 'T', possible loss of data
          with
          [
              T=float
          ]
  Generating Code...
  Score Arena.vcxproj -> C:\Users\user\source\repos\Score Arena\x64\Debug\Score Arena.exe
